
> around-web@0.1.0 start /home/changfan5725/around
> PORT=80 react-scripts start

Starting the development server...

Compiled with warnings.

./src/components/AroundMarker.js
  Line 28:  img elements must have an alt prop, either with meaningful text, or an empty string for decorative images  jsx-a11y/alt-text

Search for the keywords to learn more about each warning.
To ignore, add // eslint-disable-next-line to the line before.


Could not open AroundMap.js in the editor.

To set up the editor integration, add something like REACT_EDITOR=atom to the .env.local file in your project folder and restart the development server. Learn more: https://goo.gl/MMTaZt


Could not open AroundMap.js in the editor.

To set up the editor integration, add something like REACT_EDITOR=atom to the .env.local file in your project folder and restart the development server. Learn more: https://goo.gl/MMTaZt


Could not open AroundMap.js in the editor.

To set up the editor integration, add something like REACT_EDITOR=atom to the .env.local file in your project folder and restart the development server. Learn more: https://goo.gl/MMTaZt


Could not open AroundMap.js in the editor.

To set up the editor integration, add something like REACT_EDITOR=atom to the .env.local file in your project folder and restart the development server. Learn more: https://goo.gl/MMTaZt


Could not open AroundMap.js in the editor.

To set up the editor integration, add something like REACT_EDITOR=atom to the .env.local file in your project folder and restart the development server. Learn more: https://goo.gl/MMTaZt


Could not open AroundMap.js in the editor.

To set up the editor integration, add something like REACT_EDITOR=atom to the .env.local file in your project folder and restart the development server. Learn more: https://goo.gl/MMTaZt


> around-web@0.1.0 start /home/changfan5725/around
> PORT=80 react-scripts start

Starting the development server...

Compiled with warnings.

./src/components/AroundMarker.js
  Line 28:  img elements must have an alt prop, either with meaningful text, or an empty string for decorative images  jsx-a11y/alt-text

Search for the keywords to learn more about each warning.
To ignore, add // eslint-disable-next-line to the line before.


Could not open AroundMap.js in the editor.

To set up the editor integration, add something like REACT_EDITOR=atom to the .env.local file in your project folder and restart the development server. Learn more: https://goo.gl/MMTaZt

